{"/Users/julianamorroni/Documents/Cursos 2023/XP-farm/XP-exam-template/src/index.js": {"path":"/Users/julianamorroni/Documents/Cursos 2023/XP-farm/XP-exam-template/src/index.js","statementMap":{"0":{"start":{"line":3,"column":4},"end":{"line":3,"column":21}},"1":{"start":{"line":8,"column":2},"end":{"line":10,"column":3}},"2":{"start":{"line":9,"column":4},"end":{"line":9,"column":13}},"3":{"start":{"line":11,"column":2},"end":{"line":11,"column":14}},"4":{"start":{"line":14,"column":0},"end":{"line":17,"column":2}}},"fnMap":{"0":{"name":"(anonymous_0)","decl":{"start":{"line":2,"column":2},"end":{"line":2,"column":3}},"loc":{"start":{"line":2,"column":20},"end":{"line":4,"column":3}},"line":2},"1":{"name":"boardDimension","decl":{"start":{"line":7,"column":9},"end":{"line":7,"column":23}},"loc":{"start":{"line":7,"column":35},"end":{"line":12,"column":1}},"line":7}},"branchMap":{"0":{"loc":{"start":{"line":8,"column":2},"end":{"line":10,"column":3}},"type":"if","locations":[{"start":{"line":8,"column":2},"end":{"line":10,"column":3}},{"start":{},"end":{}}],"line":8}},"s":{"0":2,"1":2,"2":1,"3":1,"4":1},"f":{"0":2,"1":2},"b":{"0":[1,1]},"_coverageSchema":"1a1c01bbd47fc00a2c39e90264f33305004495a9","hash":"47414919540f5fc2e5d09f534c14a4792a71033f"}
}
