{"/Users/julianamorroni/Documents/Cursos 2023/XP-farm/XP-exam-template/src/index.js": {"path":"/Users/julianamorroni/Documents/Cursos 2023/XP-farm/XP-exam-template/src/index.js","statementMap":{"0":{"start":{"line":3,"column":4},"end":{"line":3,"column":21}},"1":{"start":{"line":6,"column":0},"end":{"line":8,"column":2}}},"fnMap":{"0":{"name":"(anonymous_0)","decl":{"start":{"line":2,"column":2},"end":{"line":2,"column":3}},"loc":{"start":{"line":2,"column":20},"end":{"line":4,"column":3}},"line":2}},"branchMap":{},"s":{"0":1,"1":1},"f":{"0":1},"b":{},"_coverageSchema":"1a1c01bbd47fc00a2c39e90264f33305004495a9","hash":"d91c7bf8d957e6ab73bd78d85c6a37eaa287770c"}
}
